<?xml version="1.0" encoding="UTF-8"?>
<!-- Generated by org.testng.reporters.JUnitXMLReporter -->
<testsuite ignored="0" hostname="Dipak" failures="1" tests="9" name="Free crm App test case" time="304.995" errors="0" timestamp="2024-02-08T14:58:07 IST">
  <testcase classname="com.crm.qa.Testcase.HomePageTest" name="HomepageTitleTest" time="0.066"/>
  <testcase classname="com.crm.qa.Testcase.HomePageTest" name="TestingLinkTest" time="0.135"/>
  <testcase classname="com.crm.qa.Testcase.HomePageTest" name="SeleniumgpageTest" time="85.126">
    <failure type="org.openqa.selenium.TimeoutException" message="timeout: Timed out receiving message from renderer: 20.000
  (Session info: chrome=109.0.5414.168)
Build info: version: &amp;apos;4.16.1&amp;apos;, revision: &amp;apos;9b4c83354e&amp;apos;
System info: os.name: &amp;apos;Windows 8.1&amp;apos;, os.arch: &amp;apos;amd64&amp;apos;, os.version: &amp;apos;6.3&amp;apos;, java.version: &amp;apos;17.0.9&amp;apos;
Driver info: org.openqa.selenium.chrome.ChromeDriver
Command: [052abea0264c2ef3becb92c465f2f627, clickElement {id=a4e1511d-f764-4514-9404-a29cb63ebd48}]
Capabilities {acceptInsecureCerts: false, browserName: chrome, browserVersion: 109.0.5414.168, chrome: {chromedriverVersion: 109.0.5414.74 (e7c5703604da..., userDataDir: C:\Users\DipakB\AppData\Loc...}, goog:chromeOptions: {debuggerAddress: localhost:62175}, networkConnectionEnabled: false, pageLoadStrategy: normal, platformName: windows, proxy: Proxy(), se:cdp: ws://localhost:62175/devtoo..., se:cdpVersion: 109.0.5414.168, setWindowRect: true, strictFileInteractability: false, timeouts: {implicit: 0, pageLoad: 300000, script: 30000}, unhandledPromptBehavior: dismiss and notify, webauthn:extension:credBlob: true, webauthn:extension:largeBlob: true, webauthn:virtualAuthenticators: true}
Element: [[ChromeDriver: chrome on windows (052abea0264c2ef3becb92c465f2f627)] -&amp;gt; xpath: //tbody/tr[1]/td[2]/a[1]/img[1]]
Session ID: 052abea0264c2ef3becb92c465f2f627">
      <![CDATA[org.openqa.selenium.TimeoutException: timeout: Timed out receiving message from renderer: 20.000
  (Session info: chrome=109.0.5414.168)
Build info: version: '4.16.1', revision: '9b4c83354e'
System info: os.name: 'Windows 8.1', os.arch: 'amd64', os.version: '6.3', java.version: '17.0.9'
Driver info: org.openqa.selenium.chrome.ChromeDriver
Command: [052abea0264c2ef3becb92c465f2f627, clickElement {id=a4e1511d-f764-4514-9404-a29cb63ebd48}]
Capabilities {acceptInsecureCerts: false, browserName: chrome, browserVersion: 109.0.5414.168, chrome: {chromedriverVersion: 109.0.5414.74 (e7c5703604da..., userDataDir: C:\Users\DipakB\AppData\Loc...}, goog:chromeOptions: {debuggerAddress: localhost:62175}, networkConnectionEnabled: false, pageLoadStrategy: normal, platformName: windows, proxy: Proxy(), se:cdp: ws://localhost:62175/devtoo..., se:cdpVersion: 109.0.5414.168, setWindowRect: true, strictFileInteractability: false, timeouts: {implicit: 0, pageLoad: 300000, script: 30000}, unhandledPromptBehavior: dismiss and notify, webauthn:extension:credBlob: true, webauthn:extension:largeBlob: true, webauthn:virtualAuthenticators: true}
Element: [[ChromeDriver: chrome on windows (052abea0264c2ef3becb92c465f2f627)] -> xpath: //tbody/tr[1]/td[2]/a[1]/img[1]]
Session ID: 052abea0264c2ef3becb92c465f2f627
at org.openqa.selenium.remote.codec.w3c.W3CHttpResponseCodec.createException(W3CHttpResponseCodec.java:200)
at org.openqa.selenium.remote.codec.w3c.W3CHttpResponseCodec.decode(W3CHttpResponseCodec.java:133)
at org.openqa.selenium.remote.codec.w3c.W3CHttpResponseCodec.decode(W3CHttpResponseCodec.java:52)
at org.openqa.selenium.remote.HttpCommandExecutor.execute(HttpCommandExecutor.java:191)
at org.openqa.selenium.remote.service.DriverCommandExecutor.invokeExecute(DriverCommandExecutor.java:200)
at org.openqa.selenium.remote.service.DriverCommandExecutor.execute(DriverCommandExecutor.java:175)
at org.openqa.selenium.remote.RemoteWebDriver.execute(RemoteWebDriver.java:523)
at org.openqa.selenium.remote.RemoteWebElement.execute(RemoteWebElement.java:224)
at org.openqa.selenium.remote.RemoteWebElement.click(RemoteWebElement.java:77)
at org.openqa.selenium.support.pagefactory.internal.LocatingElementHandler.invoke(LocatingElementHandler.java:51)
at jdk.proxy2/jdk.proxy2.$Proxy12.click(Unknown Source)
at com.crm.qa.pages.Homepage.ClickSeleniumlink(Homepage.java:45)
at com.crm.qa.Testcase.HomePageTest.SeleniumgpageTest(HomePageTest.java:53)
at java.base/java.util.ArrayList.forEach(ArrayList.java:1511)
... Removed 36 stack frames]]>
    </failure>
  </testcase> <!-- SeleniumgpageTest -->
  <testcase classname="com.crm.qa.Testcase.HomePageTest" name="InsurancepageTest" time="2.938"/>
  <testcase classname="com.crm.qa.Testcase.HomePageTest" name="EditCustomerPageTest" time="0.966"/>
  <testcase classname="com.crm.qa.Testcase.HomePageTest" name="NewAccountPageTest" time="0.763"/>
  <testcase classname="com.crm.qa.Testcase.LoginPsgrtest" name="loginPagetitleTest" time="0.029"/>
  <testcase classname="com.crm.qa.Testcase.LoginPsgrtest" name="GuruLogopageTest" time="0.76"/>
  <testcase classname="com.crm.qa.Testcase.LoginPsgrtest" name="Logintest" time="2.071"/>
</testsuite> <!-- Free crm App test case -->
